\BOOKMARK [1][-]{section.1}{1 Problembeschreibung}{}% 1
\BOOKMARK [1][-]{section.2}{2 Beschreibung der Implementierung}{}% 2
\BOOKMARK [2][-]{subsection.2.1}{2.1 gridGenerator: Generieren der Files}{section.2}% 3
\BOOKMARK [2][-]{subsection.2.2}{2.2 pixCheckTangle: Beschreibung des Sequentiellen Algorithmus}{section.2}% 4
\BOOKMARK [2][-]{subsection.2.3}{2.3 pixCheckTangle: Beschreibung des Cluster-Algorithmus}{section.2}% 5
\BOOKMARK [2][-]{subsection.2.4}{2.4 pixCheckTangle: Funktion f\374r das Abarbeiten eines \(Teil-\)Rasters}{section.2}% 6
\BOOKMARK [2][-]{subsection.2.5}{2.5 pixCheckTangle: Funktion f\374r das Festlegen potentieller Rechtecke}{section.2}% 7
\BOOKMARK [2][-]{subsection.2.6}{2.6 Unterschied zum ''Gibt es ein Rechteck?''-Algorithmus}{section.2}% 8
\BOOKMARK [1][-]{section.3}{3 Messungen}{}% 9
\BOOKMARK [2][-]{subsection.3.1}{3.1 Vorgehen beim Messen}{section.3}% 10
\BOOKMARK [2][-]{subsection.3.2}{3.2 Messergebnisse}{section.3}% 11
\BOOKMARK [2][-]{subsection.3.3}{3.3 Interpretation der Messergebnisse}{section.3}% 12
\BOOKMARK [2][-]{subsection.3.4}{3.4 Unterschied zum einfacherern und Abschluss}{section.3}% 13
\BOOKMARK [1][-]{section.4}{4 Fazit}{}% 14
\BOOKMARK [2][-]{subsection.4.1}{4.1 Einsch\344tzung des Nutzens einer Parallelisierung}{section.4}% 15
\BOOKMARK [2][-]{subsection.4.2}{4.2 M\366gliche Optimierungen}{section.4}% 16
\BOOKMARK [1][-]{appendix.A}{A Anhang}{}% 17
\BOOKMARK [2][-]{subsection.A.1}{A.1 Code: DRT1}{appendix.A}% 18
\BOOKMARK [2][-]{subsection.A.2}{A.2 Code: DRT2}{appendix.A}% 19
\BOOKMARK [2][-]{subsection.A.3}{A.3 Code: hostfileGenerator.c}{appendix.A}% 20
\BOOKMARK [2][-]{subsection.A.4}{A.4 Code: bsCreateHostfiles.sh}{appendix.A}% 21
\BOOKMARK [2][-]{subsection.A.5}{A.5 Code: bsRunGridTest.sh}{appendix.A}% 22
\BOOKMARK [2][-]{subsection.A.6}{A.6 Alle Messergebnisse}{appendix.A}% 23
